f:\my_program\cocos_programe\downtown\proj.win32\debug.win32\cmyui.obj
f:\my_program\cocos_programe\downtown\proj.win32\debug.win32\helloworldscene.obj
f:\my_program\cocos_programe\downtown\proj.win32\debug.win32\cmenuscene.obj
f:\my_program\cocos_programe\downtown\proj.win32\debug.win32\crole.obj
f:\my_program\cocos_programe\downtown\proj.win32\debug.win32\mytool.obj
f:\my_program\cocos_programe\downtown\proj.win32\debug.win32\appdelegate.obj
f:\my_program\cocos_programe\downtown\proj.win32\debug.win32\jsonclass.obj
f:\my_program\cocos_programe\downtown\proj.win32\debug.win32\cbattlescene.obj
f:\my_program\cocos_programe\downtown\proj.win32\debug.win32\ceffects.obj
f:\my_program\cocos_programe\downtown\proj.win32\debug.win32\cmaptools.obj
f:\my_program\cocos_programe\downtown\proj.win32\debug.win32\main.obj
f:\my_program\cocos_programe\downtown\proj.win32\debug.win32\vc143.pdb
f:\my_program\cocos_programe\downtown\proj.win32\debug.win32\game.res
f:\my_program\cocos_programe\downtown\proj.win32\debug.win32\downtown.exp
f:\my_program\cocos_programe\downtown\proj.win32\debug.win32\libcocos2d.exp
f:\my_program\cocos_programe\downtown\proj.win32\debug.win32\libspine.idb
f:\my_program\cocos_programe\downtown\proj.win32\debug.win32\vc143.idb
f:\my_program\cocos_programe\downtown\proj.win32\debug.win32\downtown.pdb
f:\my_program\cocos_programe\downtown\proj.win32\debug.win32\libcocos2d.pdb
f:\my_program\cocos_programe\downtown\proj.win32\debug.win32\librecast.pdb
f:\my_program\cocos_programe\downtown\proj.win32\debug.win32\libspine.pdb
f:\my_program\cocos_programe\downtown\proj.win32\debug.win32\downtown.tlog\cl.20396.write.1.tlog
f:\my_program\cocos_programe\downtown\proj.win32\debug.win32\downtown.tlog\cl.command.1.tlog
f:\my_program\cocos_programe\downtown\proj.win32\debug.win32\downtown.tlog\cl.read.1.tlog
f:\my_program\cocos_programe\downtown\proj.win32\debug.win32\downtown.tlog\link-cvtres.read.1.tlog
f:\my_program\cocos_programe\downtown\proj.win32\debug.win32\downtown.tlog\link-cvtres.write.1.tlog
f:\my_program\cocos_programe\downtown\proj.win32\debug.win32\downtown.tlog\link-rc.read.1.tlog
f:\my_program\cocos_programe\downtown\proj.win32\debug.win32\downtown.tlog\link-rc.write.1.tlog
f:\my_program\cocos_programe\downtown\proj.win32\debug.win32\downtown.tlog\link.command.1.tlog
f:\my_program\cocos_programe\downtown\proj.win32\debug.win32\downtown.tlog\link.read.1.tlog
f:\my_program\cocos_programe\downtown\proj.win32\debug.win32\downtown.tlog\link.write.1.tlog
f:\my_program\cocos_programe\downtown\proj.win32\debug.win32\downtown.tlog\rc.command.1.tlog
f:\my_program\cocos_programe\downtown\proj.win32\debug.win32\downtown.tlog\rc.read.1.tlog
f:\my_program\cocos_programe\downtown\proj.win32\debug.win32\downtown.tlog\rc.write.1.tlog
